<?xml version="1.0" encoding="UTF-8"?>
<testng-results ignored="0" total="1" passed="1" failed="0" skipped="0">
  <reporter-output>
  </reporter-output>
  <suite started-at="2024-08-03T16:24:58 IST" name="Suite" finished-at="2024-08-03T16:25:23 IST" duration-ms="25570">
    <groups>
    </groups>
    <test started-at="2024-08-03T16:24:58 IST" name="Test" finished-at="2024-08-03T16:25:23 IST" duration-ms="25570">
      <class name="TestCases.TC001_HomePage">
        <test-method is-config="true" signature="setup()[pri:0, instance:TestCases.TC001_HomePage@3646a422]" started-at="2024-08-03T16:24:54 IST" name="setup" finished-at="2024-08-03T16:24:58 IST" duration-ms="3644" status="PASS">
          <reporter-output>
          </reporter-output>
        </test-method> <!-- setup -->
        <test-method signature="RevenueCalculator()[pri:1, instance:TestCases.TC001_HomePage@3646a422]" started-at="2024-08-03T16:24:58 IST" name="RevenueCalculator" finished-at="2024-08-03T16:25:23 IST" duration-ms="24990" status="PASS">
          <reporter-output>
          </reporter-output>
        </test-method> <!-- RevenueCalculator -->
        <test-method is-config="true" signature="close()[pri:0, instance:TestCases.TC001_HomePage@3646a422]" started-at="2024-08-03T16:25:24 IST" name="close" finished-at="2024-08-03T16:25:25 IST" duration-ms="306" status="PASS">
          <reporter-output>
          </reporter-output>
        </test-method> <!-- close -->
      </class> <!-- TestCases.TC001_HomePage -->
    </test> <!-- Test -->
  </suite> <!-- Suite -->
</testng-results>
